INFO    2016-06-30 13:08:16,805 [main] com.wipo.countryCode.UtilityManager  - Initializing Utility...........................................!!!!!
DEBUG   2016-06-30 13:08:16,806 [main] com.wipo.countryCode.UtilityManager  - ################################################
DEBUG   2016-06-30 13:08:16,806 [main] com.wipo.countryCode.UtilityManager  - =================================================
DEBUG   2016-06-30 13:08:16,806 [main] com.wipo.countryCode.UtilityManager  - LOG4JCONFIGFILE:::log4j.properties
DEBUG   2016-06-30 13:08:16,806 [main] com.wipo.countryCode.UtilityConfiguration  - loading configuration.....
DEBUG   2016-06-30 13:08:16,807 [main] com.wipo.countryCode.UtilityConfiguration  - databaseHost:::localhost
DEBUG   2016-06-30 13:08:16,807 [main] com.wipo.countryCode.UtilityConfiguration  - databasePort:::1521
DEBUG   2016-06-30 13:08:16,807 [main] com.wipo.countryCode.UtilityConfiguration  - databaseTool:::oracle
DEBUG   2016-06-30 13:08:16,807 [main] com.wipo.countryCode.UtilityConfiguration  - databaseName:::IPAS270
DEBUG   2016-06-30 13:08:16,807 [main] com.wipo.countryCode.UtilityConfiguration  - userName:::IPAS270
DEBUG   2016-06-30 13:08:16,807 [main] com.wipo.countryCode.UtilityConfiguration  - schemaFileNameForISOCountryCode:::ISOCountryCodeType.xsd
DEBUG   2016-06-30 13:08:16,807 [main] com.wipo.countryCode.UtilityConfiguration  - schemaFileNameForWIPOST3Code:::WIPOST3CodeType.xsd
DEBUG   2016-06-30 13:08:16,807 [main] com.wipo.countryCode.UtilityConfiguration  - simpleTypeNameForISOCountryCode:::ISOCountryCodeType
DEBUG   2016-06-30 13:08:16,807 [main] com.wipo.countryCode.UtilityConfiguration  - simpleTypeNameForWIPOST3Code:::WIPOST3CodeType
DEBUG   2016-06-30 13:08:16,808 [main] com.wipo.countryCode.UtilityManager  - Obtaining Database Connection....
INFO    2016-06-30 13:08:16,808 [main] com.wipo.countryCode.DBdataFetcher  - Database Type is Oracle....
INFO    2016-06-30 13:08:16,983 [main] com.wipo.countryCode.UtilityManager  - Initializing Completed...............................................!!!!!!
DEBUG   2016-06-30 13:08:16,983 [main] com.wipo.countryCode.UtilityManager  - =================================================
DEBUG   2016-06-30 13:08:16,983 [main] com.wipo.countryCode.UtilityManager  - ################################################
DEBUG   2016-06-30 13:08:17,017 [main] com.wipo.countryCode.DBdataFetcher  - Country code obtained from database are::[--, AD, AE, AF, AG, AI, AL, AM, AN, AO, AQ, AR, AS, AT, AU, AW, AZ, BA, BB, BD, BE, BF, BG, BH, BI, BJ, BM, BN, BO, BR, BS, BT, BU, BV, BW, BX, BY, BZ, CA, CC, CE, CF, CG, CH, CI, CK, CL, CM, CN, CO, CR, CS, CT, CU, CV, CX, CY, CZ, DD, DE, DJ, DK, DM, DO, DZ, EC, EE, EG, EH, EM, EP, ER, ES, ET, FI, FJ, FK, FM, FO, FR, FX, GA, GB, GC, GD, GE, GF, GH, GI, GL, GM, GN, GO, GP, GQ, GR, GS, GT, GU, GW, GY, HK, HM, HN, HR, HT, HU, HV, ID, IE, IL, IN, IO, IQ, IR, IS, IT, JM, JO, JP, KE, KG, KH, KM, KN, KP, KR, KW, KY, KZ, LA, LB, LC, LI, LK, LR, LS, LT, LU, LV, LY, MA, MC, MD, ME, MG, MH, MK, ML, MM, MN, MO, MP, MQ, MR, MS, MT, MU, MV, MW, MX, MY, MZ, NA, NC, NE, NF, NG, NI, NL, NO, NP, NR, NT, NU, NZ, OA, OM, PA, PC, PE, PF, PG, PH, PK, PL, PM, PN, PR, PT, PW, PY, QA, RE, RH, RO, RS, RU, RW, SA, SB, SC, SD, SE, SG, SH, SI, SJ, SK, SL, SM, SN, SO, SP, SR, ST, SU, SV, SY, SZ, TC, TD, TF, TG, TH, TJ, TK, TM, TN, TO, TP, TR, TT, TV, TW, TZ, UA, UG, UK, UM, US, UY, UZ, VA, VC, VE, VG, VI, VM, VU, WF, WO, WS, YD, YE, YT, YU, ZA, ZB, ZC, ZD, ZE, ZF, ZH, ZI, ZJ, ZK, ZM, ZR, ZW]
DEBUG   2016-06-30 13:08:17,017 [main] com.wipo.countryCode.UtilityManager  - =================================================
DEBUG   2016-06-30 13:08:17,018 [main] com.wipo.countryCode.UtilityManager  - List of CountryCode present in database::[--, AD, AE, AF, AG, AI, AL, AM, AN, AO, AQ, AR, AS, AT, AU, AW, AZ, BA, BB, BD, BE, BF, BG, BH, BI, BJ, BM, BN, BO, BR, BS, BT, BU, BV, BW, BX, BY, BZ, CA, CC, CE, CF, CG, CH, CI, CK, CL, CM, CN, CO, CR, CS, CT, CU, CV, CX, CY, CZ, DD, DE, DJ, DK, DM, DO, DZ, EC, EE, EG, EH, EM, EP, ER, ES, ET, FI, FJ, FK, FM, FO, FR, FX, GA, GB, GC, GD, GE, GF, GH, GI, GL, GM, GN, GO, GP, GQ, GR, GS, GT, GU, GW, GY, HK, HM, HN, HR, HT, HU, HV, ID, IE, IL, IN, IO, IQ, IR, IS, IT, JM, JO, JP, KE, KG, KH, KM, KN, KP, KR, KW, KY, KZ, LA, LB, LC, LI, LK, LR, LS, LT, LU, LV, LY, MA, MC, MD, ME, MG, MH, MK, ML, MM, MN, MO, MP, MQ, MR, MS, MT, MU, MV, MW, MX, MY, MZ, NA, NC, NE, NF, NG, NI, NL, NO, NP, NR, NT, NU, NZ, OA, OM, PA, PC, PE, PF, PG, PH, PK, PL, PM, PN, PR, PT, PW, PY, QA, RE, RH, RO, RS, RU, RW, SA, SB, SC, SD, SE, SG, SH, SI, SJ, SK, SL, SM, SN, SO, SP, SR, ST, SU, SV, SY, SZ, TC, TD, TF, TG, TH, TJ, TK, TM, TN, TO, TP, TR, TT, TV, TW, TZ, UA, UG, UK, UM, US, UY, UZ, VA, VC, VE, VG, VI, VM, VU, WF, WO, WS, YD, YE, YT, YU, ZA, ZB, ZC, ZD, ZE, ZF, ZH, ZI, ZJ, ZK, ZM, ZR, ZW]
DEBUG   2016-06-30 13:08:17,018 [main] com.wipo.countryCode.UtilityManager  - =================================================
DEBUG   2016-06-30 13:08:17,018 [main] com.wipo.countryCode.UtilityManager  - ################################################
INFO    2016-06-30 13:08:17,149 [main] com.wipo.countryCode.UtilityManager  - list_of_missing_CountryCode from wipoST3Code::[EA, VN, XV, XU, XN, GG, QZ, AP, TL, SS, SX, BQ, CW, CD, IB, IM, XX, JE, KI]
INFO    2016-06-30 13:08:17,150 [main] com.wipo.countryCode.UtilityManager  - list_of_missing_CountryCode::[AX, PS, BL, MF]
INFO    2016-06-30 13:08:17,150 [main] com.wipo.countryCode.UtilityManager  - list_of_missing_CountryCode from isoCountryCode::[AX, PS, BL, MF]
INFO    2016-06-30 13:08:17,151 [main] com.wipo.countryCode.UtilityManager  - map_of_missing_CountryCode::{CW=Curaçao, AX=ÅLAND ISLANDS, IM=Isle of Man, EA=Eurasian Patent Organization (EAPO), XV=Visegrad Patent Institute (VPI), XX=Unknown states, other entities or organizations, VN=Viet Nam, XU=International Union for the Protection of New Varieties of Plants (UPOV), TL=Timor-Leste, XN=Nordic Patent Institute (NPI), SS=South Sudan, MF=SAINT MARTIN (FRENCH PART), PS=PALESTINIAN TERRITORY, OCCUPIED, CD=Democratic Republic of the Congo, SX=Sint Maarten (Duch part), KI=Kiribati, JE=Jersey, IB=International Bureau of the World Intellectual Property Organization (WIPO), BQ=Bonaire, Sint Eustatius and Saba, AP=African Regional Intellectual Property Organization (ARIPO), BL=SAINT BARTHÉLEMY, GG=Guernsey, QZ=Community Plant Variety Office (European Community) (CPVO)}
