INFO    2016-06-30 16:13:03,054 [main] com.wipo.countryCode.UtilityManager  - Initializing Utility...........................................!!!!!
DEBUG   2016-06-30 16:13:03,055 [main] com.wipo.countryCode.UtilityManager  - ################################################
DEBUG   2016-06-30 16:13:03,055 [main] com.wipo.countryCode.UtilityManager  - =================================================
DEBUG   2016-06-30 16:13:03,055 [main] com.wipo.countryCode.UtilityManager  - LOG4JCONFIGFILE:::log4j.properties
DEBUG   2016-06-30 16:13:03,056 [main] com.wipo.countryCode.UtilityConfiguration  - loading configuration.....
DEBUG   2016-06-30 16:13:03,057 [main] com.wipo.countryCode.UtilityConfiguration  - databaseHost:::localhost
DEBUG   2016-06-30 16:13:03,057 [main] com.wipo.countryCode.UtilityConfiguration  - databasePort:::1521
DEBUG   2016-06-30 16:13:03,057 [main] com.wipo.countryCode.UtilityConfiguration  - databaseTool:::oracle
DEBUG   2016-06-30 16:13:03,057 [main] com.wipo.countryCode.UtilityConfiguration  - databaseName:::IPAS270
DEBUG   2016-06-30 16:13:03,057 [main] com.wipo.countryCode.UtilityConfiguration  - userName:::IPAS270
DEBUG   2016-06-30 16:13:03,057 [main] com.wipo.countryCode.UtilityConfiguration  - schemaFileNameForISOCountryCode:::ISOCountryCodeType.xsd
DEBUG   2016-06-30 16:13:03,057 [main] com.wipo.countryCode.UtilityConfiguration  - schemaFileNameForWIPOST3Code:::WIPOST3CodeType.xsd
DEBUG   2016-06-30 16:13:03,057 [main] com.wipo.countryCode.UtilityConfiguration  - simpleTypeNameForISOCountryCode:::ISOCountryCodeType
DEBUG   2016-06-30 16:13:03,057 [main] com.wipo.countryCode.UtilityConfiguration  - simpleTypeNameForWIPOST3Code:::WIPOST3CodeType
DEBUG   2016-06-30 16:13:03,057 [main] com.wipo.countryCode.UtilityManager  - Obtaining Database Connection....
INFO    2016-06-30 16:13:03,060 [main] com.wipo.countryCode.DBdataProcessor  - Database Type is Oracle....
INFO    2016-06-30 16:13:03,240 [main] com.wipo.countryCode.UtilityManager  - Initializing Completed...............................................!!!!!!
DEBUG   2016-06-30 16:13:03,241 [main] com.wipo.countryCode.UtilityManager  - =================================================
DEBUG   2016-06-30 16:13:03,241 [main] com.wipo.countryCode.UtilityManager  - ################################################
DEBUG   2016-06-30 16:13:03,275 [main] com.wipo.countryCode.DBdataProcessor  - Country code obtained from database are::[--, AD, AE, AF, AG, AI, AL, AM, AN, AO, AQ, AR, AS, AT, AU, AW, AZ, BA, BB, BD, BE, BF, BG, BH, BI, BJ, BM, BN, BO, BR, BS, BT, BU, BV, BW, BX, BY, BZ, CA, CC, CE, CF, CG, CH, CI, CK, CL, CM, CN, CO, CR, CS, CT, CU, CV, CX, CY, CZ, DD, DE, DJ, DK, DM, DO, DZ, EC, EE, EG, EH, EM, EP, ER, ES, ET, FI, FJ, FK, FM, FO, FR, FX, GA, GB, GC, GD, GE, GF, GH, GI, GL, GM, GN, GO, GP, GQ, GR, GS, GT, GU, GW, GY, HK, HM, HN, HR, HT, HU, HV, ID, IE, IL, IN, IO, IQ, IR, IS, IT, JM, JO, JP, KE, KG, KH, KM, KN, KP, KR, KW, KY, KZ, LA, LB, LC, LI, LK, LR, LS, LT, LU, LV, LY, MA, MC, MD, ME, MG, MH, MK, ML, MM, MN, MO, MP, MQ, MR, MS, MT, MU, MV, MW, MX, MY, MZ, NA, NC, NE, NF, NG, NI, NL, NO, NP, NR, NT, NU, NZ, OA, OM, PA, PC, PE, PF, PG, PH, PK, PL, PM, PN, PR, PT, PW, PY, QA, RE, RH, RO, RS, RU, RW, SA, SB, SC, SD, SE, SG, SH, SI, SJ, SK, SL, SM, SN, SO, SP, SR, ST, SU, SV, SY, SZ, TC, TD, TF, TG, TH, TJ, TK, TM, TN, TO, TP, TR, TT, TV, TW, TZ, UA, UG, UK, UM, US, UY, UZ, VA, VC, VE, VG, VI, VM, VU, WF, WO, WS, YD, YE, YT, YU, ZA, ZB, ZC, ZD, ZE, ZF, ZH, ZI, ZJ, ZK, ZM, ZR, ZW, a0]
DEBUG   2016-06-30 16:13:03,276 [main] com.wipo.countryCode.UtilityManager  - =================================================
DEBUG   2016-06-30 16:13:03,276 [main] com.wipo.countryCode.UtilityManager  - List of CountryCode present in database::[--, AD, AE, AF, AG, AI, AL, AM, AN, AO, AQ, AR, AS, AT, AU, AW, AZ, BA, BB, BD, BE, BF, BG, BH, BI, BJ, BM, BN, BO, BR, BS, BT, BU, BV, BW, BX, BY, BZ, CA, CC, CE, CF, CG, CH, CI, CK, CL, CM, CN, CO, CR, CS, CT, CU, CV, CX, CY, CZ, DD, DE, DJ, DK, DM, DO, DZ, EC, EE, EG, EH, EM, EP, ER, ES, ET, FI, FJ, FK, FM, FO, FR, FX, GA, GB, GC, GD, GE, GF, GH, GI, GL, GM, GN, GO, GP, GQ, GR, GS, GT, GU, GW, GY, HK, HM, HN, HR, HT, HU, HV, ID, IE, IL, IN, IO, IQ, IR, IS, IT, JM, JO, JP, KE, KG, KH, KM, KN, KP, KR, KW, KY, KZ, LA, LB, LC, LI, LK, LR, LS, LT, LU, LV, LY, MA, MC, MD, ME, MG, MH, MK, ML, MM, MN, MO, MP, MQ, MR, MS, MT, MU, MV, MW, MX, MY, MZ, NA, NC, NE, NF, NG, NI, NL, NO, NP, NR, NT, NU, NZ, OA, OM, PA, PC, PE, PF, PG, PH, PK, PL, PM, PN, PR, PT, PW, PY, QA, RE, RH, RO, RS, RU, RW, SA, SB, SC, SD, SE, SG, SH, SI, SJ, SK, SL, SM, SN, SO, SP, SR, ST, SU, SV, SY, SZ, TC, TD, TF, TG, TH, TJ, TK, TM, TN, TO, TP, TR, TT, TV, TW, TZ, UA, UG, UK, UM, US, UY, UZ, VA, VC, VE, VG, VI, VM, VU, WF, WO, WS, YD, YE, YT, YU, ZA, ZB, ZC, ZD, ZE, ZF, ZH, ZI, ZJ, ZK, ZM, ZR, ZW, a0]
DEBUG   2016-06-30 16:13:03,276 [main] com.wipo.countryCode.UtilityManager  - =================================================
DEBUG   2016-06-30 16:13:03,276 [main] com.wipo.countryCode.UtilityManager  - ################################################
INFO    2016-06-30 16:13:03,416 [main] com.wipo.countryCode.UtilityManager  - List of CountryCode in wipoST3Code  that are missing from Databse::[EA, VN, XV, XU, XN, GG, QZ, AP, TL, SS, SX, BQ, CW, CD, IB, IM, XX, JE, KI]
INFO    2016-06-30 16:13:03,416 [main] com.wipo.countryCode.UtilityManager  - Number of CountryCode in wipoST3Code  that are missing from Databse  ::19
INFO    2016-06-30 16:13:03,418 [main] com.wipo.countryCode.UtilityManager  - List of CountryCode in isoCountryCod  that are missing from Databse::[AX, PS, BL, MF]
INFO    2016-06-30 16:13:03,418 [main] com.wipo.countryCode.UtilityManager  - Number of CountryCode in isoCountryCod  that are missing from Databse  ::4
INFO    2016-06-30 16:13:03,419 [main] com.wipo.countryCode.UtilityManager  - map_of_missing_CountryCode  from both xsd which is not present in database ::{CW=[Curaçao, S], AX=[ÅLAND ISLANDS, N], IM=[Isle of Man, S], EA=[Eurasian Patent Organization (EAPO), S], XV=[Visegrad Patent Institute (VPI), S], XX=[Unknown states, other entities or organizations, S], VN=[Viet Nam, S], XU=[International Union for the Protection of New Varieties of Plants (UPOV), S], TL=[Timor-Leste, S], XN=[Nordic Patent Institute (NPI), S], SS=[South Sudan, S], MF=[SAINT MARTIN (FRENCH PART), N], PS=[PALESTINIAN TERRITORY, OCCUPIED, N], CD=[Democratic Republic of the Congo, S], SX=[Sint Maarten (Duch part), S], KI=[Kiribati, S], JE=[Jersey, S], IB=[International Bureau of the World Intellectual Property Organization (WIPO), S], BQ=[Bonaire, Sint Eustatius and Saba, S], AP=[African Regional Intellectual Property Organization (ARIPO), S], BL=[SAINT BARTHÉLEMY, N], GG=[Guernsey, S], QZ=[Community Plant Variety Office (European Community) (CPVO), S]}
INFO    2016-06-30 16:13:03,419 [main] com.wipo.countryCode.UtilityManager  - Number of CountryCode from both xsd which is not present in database ::23
ERROR   2016-06-30 16:13:03,454 [main] com.wipo.countryCode.DBdataProcessor  - Error Occured while inserting COUNTRY_CODE into CF_GEO_COUNTRY table. 
java.sql.SQLException: ORA-12899: value too large for column "IPAS270"."CF_GEO_COUNTRY"."NATIONALITY" (actual: 35, maximum: 30)

	at oracle.jdbc.driver.DatabaseError.throwSqlException(DatabaseError.java:112)
	at oracle.jdbc.driver.T4CTTIoer.processError(T4CTTIoer.java:331)
	at oracle.jdbc.driver.T4CTTIoer.processError(T4CTTIoer.java:288)
	at oracle.jdbc.driver.T4C8Oall.receive(T4C8Oall.java:743)
	at oracle.jdbc.driver.T4CPreparedStatement.doOall8(T4CPreparedStatement.java:216)
	at oracle.jdbc.driver.T4CPreparedStatement.executeForRows(T4CPreparedStatement.java:955)
	at oracle.jdbc.driver.OracleStatement.doExecuteWithTimeout(OracleStatement.java:1169)
	at oracle.jdbc.driver.OraclePreparedStatement.executeInternal(OraclePreparedStatement.java:3285)
	at oracle.jdbc.driver.OraclePreparedStatement.executeUpdate(OraclePreparedStatement.java:3368)
	at com.wipo.countryCode.DBdataProcessor.insertCountryCodeIntoDB(DBdataProcessor.java:242)
	at com.wipo.countryCode.UtilityManager.insertMissingCountryCodeInDB(UtilityManager.java:239)
	at com.wipo.countryCode.UtilityController.main(UtilityController.java:22)
INFO    2016-06-30 16:13:03,456 [main] com.wipo.countryCode.DBdataProcessor  - Going to rollback transaction....!!
INFO    2016-06-30 16:13:03,459 [main] com.wipo.countryCode.DBdataProcessor  - Transaction rollback successfully...!!
DEBUG   2016-06-30 16:13:03,459 [main] com.wipo.countryCode.UtilityManager  - Closing database connection..........!!
DEBUG   2016-06-30 16:13:03,460 [main] com.wipo.countryCode.UtilityManager  - Database connection closed..........!!
INFO    2016-06-30 16:13:03,460 [main] com.wipo.countryCode.UtilityManager  - Processing Completed.......................!!!
INFO    2016-06-30 16:13:03,460 [main] com.wipo.countryCode.UtilityManager  - =================================================
INFO    2016-06-30 16:13:03,460 [main] com.wipo.countryCode.UtilityManager  - Please check processed details in log file generated in log folder
INFO    2016-06-30 16:13:03,460 [main] com.wipo.countryCode.UtilityManager  - ********************************************************
