INFO    2016-06-30 13:42:47,884 [main] com.wipo.countryCode.UtilityManager  - Initializing Utility...........................................!!!!!
DEBUG   2016-06-30 13:42:47,885 [main] com.wipo.countryCode.UtilityManager  - ################################################
DEBUG   2016-06-30 13:42:47,885 [main] com.wipo.countryCode.UtilityManager  - =================================================
DEBUG   2016-06-30 13:42:47,885 [main] com.wipo.countryCode.UtilityManager  - LOG4JCONFIGFILE:::log4j.properties
DEBUG   2016-06-30 13:42:47,886 [main] com.wipo.countryCode.UtilityConfiguration  - loading configuration.....
DEBUG   2016-06-30 13:42:47,889 [main] com.wipo.countryCode.UtilityConfiguration  - databaseHost:::localhost
DEBUG   2016-06-30 13:42:47,889 [main] com.wipo.countryCode.UtilityConfiguration  - databasePort:::1521
DEBUG   2016-06-30 13:42:47,889 [main] com.wipo.countryCode.UtilityConfiguration  - databaseTool:::oracle
DEBUG   2016-06-30 13:42:47,889 [main] com.wipo.countryCode.UtilityConfiguration  - databaseName:::IPAS270
DEBUG   2016-06-30 13:42:47,889 [main] com.wipo.countryCode.UtilityConfiguration  - userName:::IPAS270
DEBUG   2016-06-30 13:42:47,889 [main] com.wipo.countryCode.UtilityConfiguration  - schemaFileNameForISOCountryCode:::ISOCountryCodeType.xsd
DEBUG   2016-06-30 13:42:47,889 [main] com.wipo.countryCode.UtilityConfiguration  - schemaFileNameForWIPOST3Code:::WIPOST3CodeType.xsd
DEBUG   2016-06-30 13:42:47,889 [main] com.wipo.countryCode.UtilityConfiguration  - simpleTypeNameForISOCountryCode:::ISOCountryCodeType
DEBUG   2016-06-30 13:42:47,889 [main] com.wipo.countryCode.UtilityConfiguration  - simpleTypeNameForWIPOST3Code:::WIPOST3CodeType
DEBUG   2016-06-30 13:42:47,889 [main] com.wipo.countryCode.UtilityManager  - Obtaining Database Connection....
INFO    2016-06-30 13:42:47,890 [main] com.wipo.countryCode.DBdataFetcher  - Database Type is Oracle....
INFO    2016-06-30 13:42:48,024 [main] com.wipo.countryCode.UtilityManager  - Initializing Completed...............................................!!!!!!
DEBUG   2016-06-30 13:42:48,024 [main] com.wipo.countryCode.UtilityManager  - =================================================
DEBUG   2016-06-30 13:42:48,025 [main] com.wipo.countryCode.UtilityManager  - ################################################
ERROR   2016-06-30 13:42:48,280 [main] com.wipo.countryCode.DBdataFetcher  - Error Occured while Reading COUNTRY_CODE from CF_GEO_COUNTRY table. 
java.sql.SQLException: ORA-00926: missing VALUES keyword

	at oracle.jdbc.driver.DatabaseError.throwSqlException(DatabaseError.java:112)
	at oracle.jdbc.driver.T4CTTIoer.processError(T4CTTIoer.java:331)
	at oracle.jdbc.driver.T4CTTIoer.processError(T4CTTIoer.java:288)
	at oracle.jdbc.driver.T4C8Oall.receive(T4C8Oall.java:743)
	at oracle.jdbc.driver.T4CStatement.doOall8(T4CStatement.java:207)
	at oracle.jdbc.driver.T4CStatement.executeForRows(T4CStatement.java:946)
	at oracle.jdbc.driver.OracleStatement.doExecuteWithTimeout(OracleStatement.java:1169)
	at oracle.jdbc.driver.OracleStatement.executeQuery(OracleStatement.java:1273)
	at com.wipo.countryCode.DBdataFetcher.readCountryCodeFromDB(DBdataFetcher.java:150)
	at com.wipo.countryCode.UtilityManager.getCountryCodeFromDatabase(UtilityManager.java:150)
	at com.wipo.countryCode.UtilityController.main(UtilityController.java:16)
DEBUG   2016-06-30 13:42:48,282 [main] com.wipo.countryCode.UtilityManager  - =================================================
DEBUG   2016-06-30 13:42:48,282 [main] com.wipo.countryCode.UtilityManager  - List of CountryCode present in database::[]
DEBUG   2016-06-30 13:42:48,282 [main] com.wipo.countryCode.UtilityManager  - =================================================
DEBUG   2016-06-30 13:42:48,282 [main] com.wipo.countryCode.UtilityManager  - ################################################
INFO    2016-06-30 13:42:48,422 [main] com.wipo.countryCode.UtilityManager  - List of CountryCode in wipoST3Code  that are missing from Databse::[VU, EA, VN, EC, DZ, VG, VE, DM, VC, DO, VA, DE, UZ, UY, DK, DJ, US, UG, EP, UA, EM, ET, ES, ER, EH, EG, TZ, EE, TT, TW, TV, GC, GD, GE, XV, GA, XU, GB, XN, FR, FO, FK, FJ, FI, WO, WS, GY, GW, GT, GS, GR, GQ, GN, GM, GL, GI, GH, GG, RO, QZ, AT, AR, AW, QA, AU, AZ, BA, PT, AD, PW, AG, AE, AF, AL, AI, AO, AP, PY, AM, TG, BW, BV, BY, TD, BX, BS, TJ, BR, TH, BT, TO, TN, TM, TL, CA, TR, BZ, BF, SV, BG, BH, SS, BI, ST, SY, BB, SZ, BD, SX, BE, BN, BO, BQ, BJ, TC, BM, CZ, SD, CY, SC, CW, SE, CV, SH, CU, SG, SI, SL, SK, SN, SM, SO, SR, CI, RS, CG, CH, RU, CF, RW, CD, CR, CO, CM, CN, CK, SA, CL, SB, LV, LU, LT, LY, LS, LR, MG, ME, MK, ML, MC, MD, MA, MV, MU, MX, MW, MZ, MY, MN, MM, MP, MO, MR, MT, MS, NG, NI, NL, NA, NE, NZ, NR, NP, NO, OM, OA, PL, PH, PK, PE, PG, PA, HK, ZA, HN, HR, HT, HU, ZM, ZW, ID, IB, IE, IL, IM, IN, XX, IQ, IR, YE, IS, IT, JE, JP, JO, JM, KI, KH, KG, KE, KP, KR, KM, KN, KW, KY, KZ, LA, LC, LB, LI, LK]
INFO    2016-06-30 13:42:48,422 [main] com.wipo.countryCode.UtilityManager  - Number of CountryCode in wipoST3Code  that are missing from Databse  ::232
INFO    2016-06-30 13:42:48,424 [main] com.wipo.countryCode.UtilityManager  - List of CountryCode in isoCountryCod  that are missing from Databse::[VI, UM, GF, FM, GU, WF, GP, RE, AS, AQ, AX, PR, PS, TF, TK, BL, CX, SJ, CC, MH, MF, MQ, NF, NC, NU, PM, PN, PF, HM, IO, YT]
INFO    2016-06-30 13:42:48,424 [main] com.wipo.countryCode.UtilityManager  - Number of CountryCode in isoCountryCod  that are missing from Databse  ::31
INFO    2016-06-30 13:42:48,425 [main] com.wipo.countryCode.UtilityManager  - map_of_missing_CountryCode  from both xsd which is not present in database ::{VU=[Vanuatu, S], EA=[Eurasian Patent Organization (EAPO), S], VN=[Viet Nam, S], EC=[Ecuador, S], VI=[VIRGIN ISLANDS, U.S., N], DZ=[Algeria, S], VG=[Virgin Islands (British), S], VE=[Venezuela, Bolivian Republic of, S], DM=[Dominica, S], VC=[Saint Vincent and the Grenadines, S], DO=[Dominican Republic, S], VA=[Holy See, S], DE=[Germany, S], UZ=[Uzbekistan, S], UY=[Uruguay, S], DK=[Denmark, S], DJ=[Djibouti, S], US=[United States of America, S], UM=[UNITED STATES MINOR OUTLYING ISLANDS, N], UG=[Uganda, S], EP=[European Patent Office (EPO), S], UA=[Ukraine, S], EM=[European Union Intellectual Property Office(EUIPO), S], ET=[Ethiopia, S], ES=[Spain, S], ER=[Eritrea, S], EH=[Western Sahara, S], EG=[Egypt, S], TZ=[United Republic of Tanzania, S], EE=[Estonia, S], TT=[Trinidad and Tobago, S], TW=[Taiwan, Province of China, S], TV=[Tuvalu, S], GC=[Patent Office of the Cooperation Council for the Arab States of the Gulf (GCC), S], GD=[Grenada, S], GE=[Georgia, S], GF=[FRENCH GUIANA, N], XV=[Visegrad Patent Institute (VPI), S], GA=[Gabon, S], XU=[International Union for the Protection of New Varieties of Plants (UPOV), S], GB=[United Kingdom, S], XN=[Nordic Patent Institute (NPI), S], FR=[France, S], FO=[Faroe Islands, S], FK=[Falkland Islands (Malvinas), S], FJ=[Fiji, S], FM=[MICRONESIA, FEDERATED STATES OF, N], FI=[Finland, S], WO=[World Intellectual Property Organization (WIPO) (International Bureau of), S], WS=[Samoa, S], GY=[Guyana, S], GW=[Guinea-Bissau, S], GU=[GUAM, N], GT=[Guatemala, S], GS=[South Georgia and South Sandwich Islands, S], GR=[Greece, S], GQ=[Equatorial Guinea, S], GP=[GUADELOUPE, N], WF=[WALLIS AND FUTUNA, N], GN=[Guinea, S], GM=[Gambia, S], GL=[Greenland, S], GI=[Gibraltar, S], GH=[Ghana, S], GG=[Guernsey, S], RE=[RÉUNION, N], RO=[Romania, S], QZ=[Community Plant Variety Office (European Community) (CPVO), S], AT=[Austria, S], AS=[AMERICAN SAMOA, N], AR=[Argentina, S], AQ=[ANTARCTICA, N], AX=[ÅLAND ISLANDS, N], QA=[Qatar, S], AW=[Aruba, S], AU=[Australia, S], AZ=[Azerbaijan, S], BA=[Bosnia and Herzegovina, S], PT=[Portugal, S], AD=[Andorra, S], PW=[Palau, S], AG=[Antigua And Barbuda, S], PR=[PUERTO RICO, N], AE=[United Arab Emirates, S], PS=[PALESTINIAN TERRITORY, OCCUPIED, N], AF=[Afghanistan, S], AL=[Albania, S], AI=[Anguilla, S], AO=[Angola, S], PY=[Paraguay, S], AP=[African Regional Intellectual Property Organization (ARIPO), S], AM=[Armenia, S], BW=[Botswana, S], TG=[Togo, S], TF=[FRENCH SOUTHERN TERRITORIES, N], BV=[Bouvet Island, S], BY=[Belarus, S], BX=[Benelux Office for Intellectual Property (BOIP), S], TD=[Chad, S], TK=[TOKELAU, N], BS=[Bahamas, S], BR=[Brazil, S], TJ=[Tajikistan, S], BT=[Bhutan, S], TH=[Thailand, S], TO=[Tonga, S], TN=[Tunisia, S], TM=[Turkmenistan, S], CA=[Canada, S], TL=[Timor-Leste, S], BZ=[Belize, S], TR=[Turkey, S], BF=[Burkina Faso, S], SV=[El Salvador, S], BG=[Bulgaria, S], BH=[Bahrain, S], SS=[South Sudan, S], BI=[Burundi, S], ST=[Sao Tome and Principe, S], SY=[Syrian Arab Republic, S], BB=[Barbados, S], SZ=[Swaziland, S], BD=[Bangladesh, S], SX=[Sint Maarten (Duch part), S], BE=[Belgium, S], BN=[Brunei Darussalam, S], BO=[Bolivia, Plurinational State of, S], BQ=[Bonaire, Sint Eustatius and Saba, S], BJ=[Benin, S], TC=[Turks and Caicos Islands, S], BL=[SAINT BARTHÉLEMY, N], BM=[Bermuda, S], CZ=[Czech Republic, S], SD=[Sudan, S], CY=[Cyprus, S], SC=[Seychelles, S], CX=[CHRISTMAS ISLAND, N], CW=[Curaçao, S], SE=[Sweden, S], CV=[Cabo Verde, S], SH=[Saint Helena, Ascension and Tristan da Cunha, S], CU=[Cuba, S], SG=[Singapore, S], SJ=[SVALBARD AND JAN MAYEN, N], SI=[Slovenia, S], SL=[Sierra Leone, S], SK=[Slovakia, S], SN=[Senegal, S], SM=[San Marino, S], SO=[Somalia, S], SR=[Suriname, S], CI=[Côte D'Ivoire, S], RS=[Serbia, S], CG=[Congo, S], CH=[Switzerland, S], RU=[Russian Federation, S], CF=[Central African Republic, S], RW=[Rwanda, S], CC=[COCOS (KEELING) ISLANDS, N], CD=[Democratic Republic of the Congo, S], CR=[Costa Rica, S], CO=[Colombia, S], CM=[Cameroon, S], CN=[China, S], CK=[Cook Islands, S], SA=[Saudi Arabia, S], CL=[Chile, S], SB=[Solomon Islands, S], LV=[Latvia, S], LU=[Luxembourg, S], LT=[Lithuania, S], LY=[Libya, S], LS=[Lesotho, S], LR=[Liberia, S], MG=[Madagascar, S], MH=[MARSHALL ISLANDS, N], ME=[Montenegro, S], MF=[SAINT MARTIN (FRENCH PART), N], MK=[The former Yugoslav Republic of Macedonia, S], ML=[Mali, S], MC=[Monaco, S], MD=[Republic of Moldova, S], MA=[Morocco, S], MV=[Maldives, S], MU=[Mauritius, S], MX=[Mexico, S], MW=[Malawi, S], MZ=[Mozambique, S], MY=[Malaysia, S], MN=[Mongolia, S], MM=[Myanmar, S], MP=[Northern Mariana Islands, S], MO=[Macau, S], MR=[Mauritania, S], MQ=[MARTINIQUE, N], MT=[Malta, S], MS=[Montserrat, S], NF=[NORFOLK ISLAND, N], NG=[Nigeria, S], NI=[Nicaragua, S], NL=[Netherlands, S], NA=[Namibia, S], NC=[NEW CALEDONIA, N], NE=[Niger, S], NZ=[New Zealand, S], NU=[NIUE, N], NR=[Nauru, S], NP=[Nepal, S], NO=[Norway, S], OM=[Oman, S], OA=[African Intellectual Property Organization (OAPI), S], PL=[Poland, S], PM=[SAINT PIERRE AND MIQUELON, N], PN=[PITCAIRN, N], PH=[Philippines, S], PK=[Pakistan, S], PE=[Peru, S], PF=[FRENCH POLYNESIA, N], PG=[Papua New Guinea, S], PA=[Panama, S], HK=[The Hong Kong Special Administrative Region of the People's Republic of China, S], ZA=[South Africa, S], HN=[Honduras, S], HM=[HEARD ISLAND AND MCDONALD ISLANDS, N], HR=[Croatia, S], HT=[Haiti, S], HU=[Hungary, S], ZM=[Zambia, S], ID=[Indonesia, S], ZW=[Zimbabwe, S], IB=[International Bureau of the World Intellectual Property Organization (WIPO), S], IE=[Ireland, S], IL=[Israel, S], IM=[Isle of Man, S], IN=[India, S], IO=[BRITISH INDIAN OCEAN TERRITORY, N], XX=[Unknown states, other entities or organizations, S], IQ=[Iraq, S], IR=[Iran, Islamic Republic of, S], IS=[Iceland, S], YE=[Yemen, S], IT=[Italy, S], JE=[Jersey, S], YT=[MAYOTTE, N], JP=[Japan, S], JO=[Jordan, S], JM=[Jamaica, S], KI=[Kiribati, S], KH=[Cambodia, S], KG=[Kyrgyzstan, S], KE=[Kenya, S], KP=[Democratic People's Republic of Korea, S], KR=[Republic of Korea, S], KM=[Comoros, S], KN=[Saint Kitts and Nevis, S], KW=[Kuwait, S], KY=[Cayman Islands, S], KZ=[Kazakhstan, S], LA=[Lao People's Democratic Republic, S], LC=[Saint Lucia, S], LB=[Lebanon, S], LI=[Liechtenstein, S], LK=[Sri Lanka, S]}
INFO    2016-06-30 13:42:48,426 [main] com.wipo.countryCode.UtilityManager  - Number of CountryCode from both xsd which is not present in database ::263
